#
# There is insufficient memory for the Java Runtime Environment to continue.
# Native memory allocation (malloc) failed to allocate 62256 bytes for Chunk::new
# Possible reasons:
#   The system is out of physical RAM or swap space
#   The process is running with CompressedOops enabled, and the Java Heap may be blocking the growth of the native heap
# Possible solutions:
#   Reduce memory load on the system
#   Increase physical memory or swap space
#   Check if swap backing store is full
#   Decrease Java heap size (-Xmx/-Xms)
#   Decrease number of Java threads
#   Decrease Java thread stack sizes (-Xss)
#   Set larger code cache with -XX:ReservedCodeCacheSize=
#   JVM is running with Unscaled Compressed Oops mode in which the Java heap is
#     placed in the first 4GB address space. The Java Heap base address is the
#     maximum limit for the native heap growth. Please use -XX:HeapBaseMinAddress
#     to set the Java Heap base and to place the Java Heap above 4GB virtual address.
# This output file may be truncated or incomplete.
#
#  Out of Memory Error (./open/src/hotspot/share/memory/arena.cpp:197), pid=5484, tid=11680
#
# JRE version: Java(TM) SE Runtime Environment 18.9 (11.0.21+9) (build 11.0.21+9-LTS-193)
# Java VM: Java HotSpot(TM) 64-Bit Server VM 18.9 (11.0.21+9-LTS-193, mixed mode, tiered, compressed oops, g1 gc, windows-amd64)
# No core dump will be written. Minidumps are not enabled by default on client versions of Windows
#

---------------  S U M M A R Y ------------

Command Line: -XX:MaxMetaspaceSize=512m --add-opens=java.base/java.util=ALL-UNNAMED --add-opens=java.base/java.lang=ALL-UNNAMED --add-opens=java.base/java.lang.invoke=ALL-UNNAMED --add-opens=java.prefs/java.util.prefs=ALL-UNNAMED --add-opens=java.base/java.nio.charset=ALL-UNNAMED --add-opens=java.base/java.net=ALL-UNNAMED --add-opens=java.base/java.util.concurrent.atomic=ALL-UNNAMED -Xmx2048m -Dfile.encoding=windows-1252 -Duser.country=US -Duser.language=en -Duser.variant org.gradle.launcher.daemon.bootstrap.GradleDaemon 8.0.1

Host: Intel(R) Core(TM) i5-4210U CPU @ 1.70GHz, 4 cores, 3G,  Windows 10 , 64 bit Build 19041 (10.0.19041.3636)
Time: Tue Mar  5 11:29:55 2024 Pakistan Standard Time elapsed time: 159.521716 seconds (0d 0h 2m 39s)

---------------  T H R E A D  ---------------

Current thread (0x0000017961ee7800):  JavaThread "C2 CompilerThread0" daemon [_thread_in_native, id=11680, stack(0x0000004d84700000,0x0000004d84800000)]


Current CompileTask:
C2: 159521 10114       4       org.codehaus.groovy.util.SingleKeyHashMap::get (67 bytes)

Stack: [0x0000004d84700000,0x0000004d84800000]
Native frames: (J=compiled Java code, j=interpreted, Vv=VM code, C=native code)
V  [jvm.dll+0x66058a]
V  [jvm.dll+0x7a362f]
V  [jvm.dll+0x7a4cf9]
V  [jvm.dll+0x7a5393]
V  [jvm.dll+0x258f55]
V  [jvm.dll+0xb2a0c]
V  [jvm.dll+0xb2fcc]
V  [jvm.dll+0x36772f]
V  [jvm.dll+0x330445]
V  [jvm.dll+0x32f82a]
V  [jvm.dll+0x211c3d]
V  [jvm.dll+0x210c08]
V  [jvm.dll+0x18cdb1]
V  [jvm.dll+0x220e99]
V  [jvm.dll+0x21f1bc]
V  [jvm.dll+0x7673c1]
V  [jvm.dll+0x75fc44]
V  [jvm.dll+0x65f435]
C  [ucrtbase.dll+0x21bb2]
C  [KERNEL32.DLL+0x17344]
C  [ntdll.dll+0x526b1]


---------------  P R O C E S S  ---------------

Threads class SMR info:
_java_thread_list=0x0000017967bef020, length=83, elements={
0x0000017943f08800, 0x0000017961e7e000, 0x0000017961e88000, 0x0000017961e98000,
0x0000017961e9a000, 0x0000017961e9b800, 0x0000017961ee7800, 0x0000017961eec800,
0x0000017961eef000, 0x000001796214f000, 0x0000017962155800, 0x0000017962151800,
0x0000017962152800, 0x0000017962153000, 0x0000017962150800, 0x0000017962150000,
0x0000017962154000, 0x0000017962154800, 0x0000017963f2e000, 0x0000017963f28000,
0x0000017963f2a000, 0x0000017963f2a800, 0x0000017963f29000, 0x0000017963f30800,
0x0000017963f31000, 0x0000017963f2f000, 0x0000017963f2d000, 0x0000017963f2b800,
0x0000017963f35800, 0x0000017963f32000, 0x0000017963f34800, 0x0000017963f36000,
0x000001796660f000, 0x0000017966615800, 0x0000017966612000, 0x0000017966616000,
0x0000017966610800, 0x0000017966617000, 0x0000017966611800, 0x0000017966618000,
0x000001796661b000, 0x0000017966618800, 0x000001796661c800, 0x000001796661d800,
0x0000017966619800, 0x000001796661c000, 0x000001796661a800, 0x0000017964931000,
0x0000017964931800, 0x000001796492c000, 0x000001796492c800, 0x0000017964930000,
0x0000017964933800, 0x000001796492f000, 0x0000017964932800, 0x000001796492d800,
0x0000017964934000, 0x000001796492e800, 0x0000017964935000, 0x000001796493a000,
0x0000017964936800, 0x000001796493a800, 0x0000017964935800, 0x0000017964937800,
0x0000017964939000, 0x00000179621f8800, 0x00000179621fa800, 0x00000179621fb000,
0x00000179621f9800, 0x0000017962201800, 0x0000017962200000, 0x00000179621fc000,
0x00000179621fd800, 0x0000017962202800, 0x00000179621ff000, 0x00000179621fc800,
0x0000017962204000, 0x0000017962203000, 0x00000179621fe800, 0x0000017962206800,
0x0000017962205000, 0x0000017962205800, 0x0000017962207800
}

Java Threads: ( => current thread )
  0x0000017943f08800 JavaThread "main" [_thread_blocked, id=13696, stack(0x0000004d83b00000,0x0000004d83c00000)]
  0x0000017961e7e000 JavaThread "Reference Handler" daemon [_thread_blocked, id=8568, stack(0x0000004d84200000,0x0000004d84300000)]
  0x0000017961e88000 JavaThread "Finalizer" daemon [_thread_blocked, id=10568, stack(0x0000004d84300000,0x0000004d84400000)]
  0x0000017961e98000 JavaThread "Signal Dispatcher" daemon [_thread_blocked, id=7708, stack(0x0000004d84400000,0x0000004d84500000)]
  0x0000017961e9a000 JavaThread "Attach Listener" daemon [_thread_blocked, id=9228, stack(0x0000004d84500000,0x0000004d84600000)]
  0x0000017961e9b800 JavaThread "Service Thread" daemon [_thread_blocked, id=5548, stack(0x0000004d84600000,0x0000004d84700000)]
=>0x0000017961ee7800 JavaThread "C2 CompilerThread0" daemon [_thread_in_native, id=11680, stack(0x0000004d84700000,0x0000004d84800000)]
  0x0000017961eec800 JavaThread "C1 CompilerThread0" daemon [_thread_blocked, id=12496, stack(0x0000004d84800000,0x0000004d84900000)]
  0x0000017961eef000 JavaThread "Sweeper thread" daemon [_thread_blocked, id=14308, stack(0x0000004d84900000,0x0000004d84a00000)]
  0x000001796214f000 JavaThread "Common-Cleaner" daemon [_thread_blocked, id=15216, stack(0x0000004d84a00000,0x0000004d84b00000)]
  0x0000017962155800 JavaThread "Daemon health stats" [_thread_blocked, id=640, stack(0x0000004d84d00000,0x0000004d84e00000)]
  0x0000017962151800 JavaThread "Incoming local TCP Connector on port 55783" [_thread_in_native, id=9988, stack(0x0000004d84e00000,0x0000004d84f00000)]
  0x0000017962152800 JavaThread "Daemon periodic checks" [_thread_blocked, id=3260, stack(0x0000004d84f00000,0x0000004d85000000)]
  0x0000017962153000 JavaThread "Daemon" [_thread_blocked, id=1568, stack(0x0000004d85000000,0x0000004d85100000)]
  0x0000017962150800 JavaThread "Handler for socket connection from /127.0.0.1:55783 to /127.0.0.1:55784" [_thread_in_native, id=12216, stack(0x0000004d85100000,0x0000004d85200000)]
  0x0000017962150000 JavaThread "Cancel handler" [_thread_blocked, id=2624, stack(0x0000004d85200000,0x0000004d85300000)]
  0x0000017962154000 JavaThread "Daemon worker" [_thread_in_vm, id=8364, stack(0x0000004d85300000,0x0000004d85400000)]
  0x0000017962154800 JavaThread "Asynchronous log dispatcher for DefaultDaemonConnection: socket connection from /127.0.0.1:55783 to /127.0.0.1:55784" [_thread_blocked, id=9504, stack(0x0000004d85400000,0x0000004d85500000)]
  0x0000017963f2e000 JavaThread "Daemon client event forwarder" [_thread_blocked, id=9840, stack(0x0000004d85600000,0x0000004d85700000)]
  0x0000017963f28000 JavaThread "Cache worker for journal cache (C:\Users\hero\.gradle\caches\journal-1)" [_thread_blocked, id=3320, stack(0x0000004d85900000,0x0000004d85a00000)]
  0x0000017963f2a000 JavaThread "File lock request listener" [_thread_in_native, id=13536, stack(0x0000004d85a00000,0x0000004d85b00000)]
  0x0000017963f2a800 JavaThread "Cache worker for file hash cache (C:\Users\hero\.gradle\caches\8.0.1\fileHashes)" [_thread_blocked, id=10188, stack(0x0000004d85c00000,0x0000004d85d00000)]
  0x0000017963f29000 JavaThread "File watcher server" daemon [_thread_in_native, id=3744, stack(0x0000004d85d00000,0x0000004d85e00000)]
  0x0000017963f30800 JavaThread "File watcher consumer" daemon [_thread_blocked, id=5848, stack(0x0000004d85e00000,0x0000004d85f00000)]
  0x0000017963f31000 JavaThread "Cache worker for checksums cache (E:\typscriptproject\android\.gradle\8.0.1\checksums)" [_thread_blocked, id=6072, stack(0x0000004d85f00000,0x0000004d86000000)]
  0x0000017963f2f000 JavaThread "Cache worker for cache directory md-rule (C:\Users\hero\.gradle\caches\8.0.1\md-rule)" [_thread_blocked, id=2572, stack(0x0000004d86000000,0x0000004d86100000)]
  0x0000017963f2d000 JavaThread "Cache worker for file content cache (C:\Users\hero\.gradle\caches\8.0.1\fileContent)" [_thread_blocked, id=752, stack(0x0000004d86100000,0x0000004d86200000)]
  0x0000017963f2b800 JavaThread "Cache worker for file hash cache (E:\typscriptproject\android\.gradle\8.0.1\fileHashes)" [_thread_blocked, id=8412, stack(0x0000004d86200000,0x0000004d86300000)]
  0x0000017963f35800 JavaThread "Cache worker for cache directory md-supplier (C:\Users\hero\.gradle\caches\8.0.1\md-supplier)" [_thread_blocked, id=13968, stack(0x0000004d86300000,0x0000004d86400000)]
  0x0000017963f32000 JavaThread "Cache worker for execution history cache (C:\Users\hero\.gradle\caches\8.0.1\executionHistory)" [_thread_blocked, id=4400, stack(0x0000004d86400000,0x0000004d86500000)]
  0x0000017963f34800 JavaThread "jar transforms" [_thread_blocked, id=10624, stack(0x0000004d86500000,0x0000004d86600000)]
  0x0000017963f36000 JavaThread "jar transforms Thread 2" [_thread_blocked, id=6336, stack(0x0000004d86600000,0x0000004d86700000)]
  0x000001796660f000 JavaThread "jar transforms Thread 3" [_thread_blocked, id=464, stack(0x0000004d86700000,0x0000004d86800000)]
  0x0000017966615800 JavaThread "jar transforms Thread 4" [_thread_blocked, id=13272, stack(0x0000004d86800000,0x0000004d86900000)]
  0x0000017966612000 JavaThread "Cache worker for kotlin-dsl (C:\Users\hero\.gradle\caches\8.0.1\kotlin-dsl)" [_thread_blocked, id=11496, stack(0x0000004d86900000,0x0000004d86a00000)]
  0x0000017966616000 JavaThread "Cache worker for dependencies-accessors (E:\typscriptproject\android\.gradle\8.0.1\dependencies-accessors)" [_thread_blocked, id=7304, stack(0x0000004d86a00000,0x0000004d86b00000)]
  0x0000017966610800 JavaThread "Cache worker for Build Output Cleanup Cache (E:\typscriptproject\node_modules\@react-native\gradle-plugin\.gradle\buildOutputCleanup)" [_thread_blocked, id=11440, stack(0x0000004d86b00000,0x0000004d86c00000)]
  0x0000017966617000 JavaThread "Unconstrained build operations" [_thread_blocked, id=7936, stack(0x0000004d86c00000,0x0000004d86d00000)]
  0x0000017966611800 JavaThread "Unconstrained build operations Thread 2" [_thread_blocked, id=6088, stack(0x0000004d86d00000,0x0000004d86e00000)]
  0x0000017966618000 JavaThread "Unconstrained build operations Thread 3" [_thread_blocked, id=14240, stack(0x0000004d86e00000,0x0000004d86f00000)]
  0x000001796661b000 JavaThread "Unconstrained build operations Thread 4" [_thread_blocked, id=5792, stack(0x0000004d86f00000,0x0000004d87000000)]
  0x0000017966618800 JavaThread "Unconstrained build operations Thread 5" [_thread_blocked, id=10056, stack(0x0000004d87000000,0x0000004d87100000)]
  0x000001796661c800 JavaThread "Unconstrained build operations Thread 6" [_thread_blocked, id=2960, stack(0x0000004d87100000,0x0000004d87200000)]
  0x000001796661d800 JavaThread "Unconstrained build operations Thread 7" [_thread_blocked, id=8348, stack(0x0000004d87200000,0x0000004d87300000)]
  0x0000017966619800 JavaThread "Unconstrained build operations Thread 8" [_thread_blocked, id=13980, stack(0x0000004d87300000,0x0000004d87400000)]
  0x000001796661c000 JavaThread "Unconstrained build operations Thread 9" [_thread_blocked, id=5192, stack(0x0000004d87400000,0x0000004d87500000)]
  0x000001796661a800 JavaThread "Unconstrained build operations Thread 10" [_thread_blocked, id=11120, stack(0x0000004d87500000,0x0000004d87600000)]
  0x0000017964931000 JavaThread "Unconstrained build operations Thread 11" [_thread_blocked, id=15300, stack(0x0000004d87600000,0x0000004d87700000)]
  0x0000017964931800 JavaThread "Unconstrained build operations Thread 12" [_thread_blocked, id=452, stack(0x0000004d87700000,0x0000004d87800000)]
  0x000001796492c000 JavaThread "Unconstrained build operations Thread 13" [_thread_blocked, id=13088, stack(0x0000004d87800000,0x0000004d87900000)]
  0x000001796492c800 JavaThread "Unconstrained build operations Thread 14" [_thread_blocked, id=9132, stack(0x0000004d87900000,0x0000004d87a00000)]
  0x0000017964930000 JavaThread "Unconstrained build operations Thread 15" [_thread_blocked, id=10816, stack(0x0000004d87a00000,0x0000004d87b00000)]
  0x0000017964933800 JavaThread "Unconstrained build operations Thread 16" [_thread_blocked, id=4276, stack(0x0000004d87b00000,0x0000004d87c00000)]
  0x000001796492f000 JavaThread "Unconstrained build operations Thread 17" [_thread_blocked, id=2132, stack(0x0000004d87c00000,0x0000004d87d00000)]
  0x0000017964932800 JavaThread "Unconstrained build operations Thread 18" [_thread_blocked, id=5588, stack(0x0000004d87d00000,0x0000004d87e00000)]
  0x000001796492d800 JavaThread "Unconstrained build operations Thread 19" [_thread_blocked, id=1820, stack(0x0000004d87e00000,0x0000004d87f00000)]
  0x0000017964934000 JavaThread "Unconstrained build operations Thread 20" [_thread_blocked, id=11540, stack(0x0000004d87f00000,0x0000004d88000000)]
  0x000001796492e800 JavaThread "Unconstrained build operations Thread 21" [_thread_blocked, id=1456, stack(0x0000004d88000000,0x0000004d88100000)]
  0x0000017964935000 JavaThread "Unconstrained build operations Thread 22" [_thread_blocked, id=14140, stack(0x0000004d88100000,0x0000004d88200000)]
  0x000001796493a000 JavaThread "Unconstrained build operations Thread 23" [_thread_blocked, id=13080, stack(0x0000004d88200000,0x0000004d88300000)]
  0x0000017964936800 JavaThread "Unconstrained build operations Thread 24" [_thread_blocked, id=12720, stack(0x0000004d88300000,0x0000004d88400000)]
  0x000001796493a800 JavaThread "Unconstrained build operations Thread 25" [_thread_blocked, id=9528, stack(0x0000004d88400000,0x0000004d88500000)]
  0x0000017964935800 JavaThread "Unconstrained build operations Thread 26" [_thread_blocked, id=9520, stack(0x0000004d88500000,0x0000004d88600000)]
  0x0000017964937800 JavaThread "Memory manager" [_thread_blocked, id=424, stack(0x0000004d88800000,0x0000004d88900000)]
  0x0000017964939000 JavaThread "Cache worker for Build Output Cleanup Cache (E:\typscriptproject\android\.gradle\buildOutputCleanup)" [_thread_blocked, id=13904, stack(0x0000004d88900000,0x0000004d88a00000)]
  0x00000179621f8800 JavaThread "Execution worker" [_thread_blocked, id=11204, stack(0x0000004d83900000,0x0000004d83a00000)]
  0x00000179621fa800 JavaThread "Execution worker Thread 2" [_thread_blocked, id=6400, stack(0x0000004d83a00000,0x0000004d83b00000)]
  0x00000179621fb000 JavaThread "Execution worker Thread 3" [_thread_blocked, id=10060, stack(0x0000004d85500000,0x0000004d85600000)]
  0x00000179621f9800 JavaThread "Cache worker for execution history cache (E:\typscriptproject\node_modules\@react-native\gradle-plugin\.gradle\8.0.1\executionHistory)" [_thread_blocked, id=13376, stack(0x0000004d88a00000,0x0000004d88b00000)]
  0x0000017962201800 JavaThread "Unconstrained build operations Thread 27" [_thread_blocked, id=15176, stack(0x0000004d88b00000,0x0000004d88c00000)]
  0x0000017962200000 JavaThread "Unconstrained build operations Thread 28" [_thread_blocked, id=14792, stack(0x0000004d88c00000,0x0000004d88d00000)]
  0x00000179621fc000 JavaThread "Unconstrained build operations Thread 29" [_thread_blocked, id=5608, stack(0x0000004d88d00000,0x0000004d88e00000)]
  0x00000179621fd800 JavaThread "Unconstrained build operations Thread 30" [_thread_blocked, id=12888, stack(0x0000004d88e00000,0x0000004d88f00000)]
  0x0000017962202800 JavaThread "Unconstrained build operations Thread 31" [_thread_blocked, id=10164, stack(0x0000004d88f00000,0x0000004d89000000)]
  0x00000179621ff000 JavaThread "Unconstrained build operations Thread 32" [_thread_blocked, id=8244, stack(0x0000004d89000000,0x0000004d89100000)]
  0x00000179621fc800 JavaThread "Unconstrained build operations Thread 33" [_thread_blocked, id=8844, stack(0x0000004d89100000,0x0000004d89200000)]
  0x0000017962204000 JavaThread "Unconstrained build operations Thread 34" [_thread_blocked, id=11712, stack(0x0000004d89200000,0x0000004d89300000)]
  0x0000017962203000 JavaThread "Unconstrained build operations Thread 35" [_thread_blocked, id=5364, stack(0x0000004d89300000,0x0000004d89400000)]
  0x00000179621fe800 JavaThread "Unconstrained build operations Thread 36" [_thread_blocked, id=6004, stack(0x0000004d89400000,0x0000004d89500000)]
  0x0000017962206800 JavaThread "Unconstrained build operations Thread 37" [_thread_blocked, id=5248, stack(0x0000004d89500000,0x0000004d89600000)]
  0x0000017962205000 JavaThread "Unconstrained build operations Thread 38" [_thread_blocked, id=10528, stack(0x0000004d89600000,0x0000004d89700000)]
  0x0000017962205800 JavaThread "Unconstrained build operations Thread 39" [_thread_blocked, id=10684, stack(0x0000004d89700000,0x0000004d89800000)]
  0x0000017962207800 JavaThread "Unconstrained build operations Thread 40" [_thread_blocked, id=1180, stack(0x0000004d89800000,0x0000004d89900000)]

Other Threads:
  0x0000017961e7a000 VMThread "VM Thread" [stack: 0x0000004d84100000,0x0000004d84200000] [id=320]
  0x0000017962171800 WatcherThread [stack: 0x0000004d84b00000,0x0000004d84c00000] [id=1624]
  0x0000017943f1d000 GCTaskThread "GC Thread#0" [stack: 0x0000004d83c00000,0x0000004d83d00000] [id=5692]
  0x000001796248a800 GCTaskThread "GC Thread#1" [stack: 0x0000004d84c00000,0x0000004d84d00000] [id=1176]
  0x0000017963f4c800 GCTaskThread "GC Thread#2" [stack: 0x0000004d85700000,0x0000004d85800000] [id=12880]
  0x0000017963f45800 GCTaskThread "GC Thread#3" [stack: 0x0000004d85800000,0x0000004d85900000] [id=5740]
  0x0000017943f4d000 ConcurrentGCThread "G1 Main Marker" [stack: 0x0000004d83d00000,0x0000004d83e00000] [id=5624]
  0x0000017943f4e800 ConcurrentGCThread "G1 Conc#0" [stack: 0x0000004d83e00000,0x0000004d83f00000] [id=11696]
  0x0000017943fa7000 ConcurrentGCThread "G1 Refine#0" [stack: 0x0000004d83f00000,0x0000004d84000000] [id=10356]
  0x0000017943fa8000 ConcurrentGCThread "G1 Young RemSet Sampling" [stack: 0x0000004d84000000,0x0000004d84100000] [id=6496]

Threads with active compile tasks:
C2 CompilerThread0   160669 10114       4       org.codehaus.groovy.util.SingleKeyHashMap::get (67 bytes)

VM state:not at safepoint (normal execution)

VM Mutex/Monitor currently owned by a thread: None

Heap address: 0x0000000080000000, size: 2048 MB, Compressed Oops mode: 32-bit
Narrow klass base: 0x0000000000000000, Narrow klass shift: 3
Compressed class space size: 528482304 Address: 0x0000000100000000

Heap:
 garbage-first heap   total 138240K, used 86107K [0x0000000080000000, 0x0000000100000000)
  region size 1024K, 5 young (5120K), 4 survivors (4096K)
 Metaspace       used 91987K, capacity 94629K, committed 94768K, reserved 598016K
  class space    used 12242K, capacity 13360K, committed 13440K, reserved 516096K
Heap Regions: E=young(eden), S=young(survivor), O=old, HS=humongous(starts), HC=humongous(continues), CS=collection set, F=free, A=archive, TAMS=top-at-mark-start (previous, next)
|   0|0x0000000080000000, 0x0000000080100000, 0x0000000080100000|100%| O|  |TAMS 0x0000000080100000, 0x0000000080000000| Untracked 
|   1|0x0000000080100000, 0x0000000080200000, 0x0000000080200000|100%| O|  |TAMS 0x0000000080200000, 0x0000000080100000| Untracked 
|   2|0x0000000080200000, 0x0000000080300000, 0x0000000080300000|100%| O|  |TAMS 0x0000000080300000, 0x0000000080200000| Untracked 
|   3|0x0000000080300000, 0x0000000080400000, 0x0000000080400000|100%|HS|  |TAMS 0x0000000080400000, 0x0000000080300000| Complete 
|   4|0x0000000080400000, 0x0000000080500000, 0x0000000080500000|100%|HC|  |TAMS 0x0000000080500000, 0x0000000080400000| Complete 
|   5|0x0000000080500000, 0x0000000080600000, 0x0000000080600000|100%|HC|  |TAMS 0x0000000080600000, 0x0000000080500000| Complete 
|   6|0x0000000080600000, 0x0000000080700000, 0x0000000080700000|100%|HC|  |TAMS 0x0000000080700000, 0x0000000080600000| Complete 
|   7|0x0000000080700000, 0x0000000080800000, 0x0000000080800000|100%| O|  |TAMS 0x0000000080800000, 0x0000000080700000| Untracked 
|   8|0x0000000080800000, 0x0000000080900000, 0x0000000080900000|100%| O|  |TAMS 0x0000000080900000, 0x0000000080800000| Untracked 
|   9|0x0000000080900000, 0x0000000080a00000, 0x0000000080a00000|100%| O|  |TAMS 0x0000000080a00000, 0x0000000080900000| Untracked 
|  10|0x0000000080a00000, 0x0000000080b00000, 0x0000000080b00000|100%| O|  |TAMS 0x0000000080b00000, 0x0000000080a00000| Untracked 
|  11|0x0000000080b00000, 0x0000000080c00000, 0x0000000080c00000|100%| O|  |TAMS 0x0000000080c00000, 0x0000000080b00000| Untracked 
|  12|0x0000000080c00000, 0x0000000080d00000, 0x0000000080d00000|100%| O|  |TAMS 0x0000000080d00000, 0x0000000080c00000| Untracked 
|  13|0x0000000080d00000, 0x0000000080e00000, 0x0000000080e00000|100%| O|  |TAMS 0x0000000080e00000, 0x0000000080d00000| Untracked 
|  14|0x0000000080e00000, 0x0000000080f00000, 0x0000000080f00000|100%| O|  |TAMS 0x0000000080f00000, 0x0000000080e00000| Untracked 
|  15|0x0000000080f00000, 0x0000000081000000, 0x0000000081000000|100%| O|  |TAMS 0x0000000081000000, 0x0000000080f00000| Untracked 
|  16|0x0000000081000000, 0x0000000081100000, 0x0000000081100000|100%| O|  |TAMS 0x0000000081100000, 0x0000000081000000| Untracked 
|  17|0x0000000081100000, 0x0000000081200000, 0x0000000081200000|100%| O|  |TAMS 0x0000000081200000, 0x0000000081100000| Untracked 
|  18|0x0000000081200000, 0x0000000081300000, 0x0000000081300000|100%| O|  |TAMS 0x0000000081300000, 0x0000000081200000| Untracked 
|  19|0x0000000081300000, 0x0000000081400000, 0x0000000081400000|100%| O|  |TAMS 0x0000000081400000, 0x0000000081300000| Untracked 
|  20|0x0000000081400000, 0x0000000081500000, 0x0000000081500000|100%| O|  |TAMS 0x0000000081500000, 0x0000000081400000| Untracked 
|  21|0x0000000081500000, 0x0000000081600000, 0x0000000081600000|100%| O|  |TAMS 0x0000000081600000, 0x0000000081500000| Untracked 
|  22|0x0000000081600000, 0x0000000081700000, 0x0000000081700000|100%| O|  |TAMS 0x0000000081700000, 0x0000000081600000| Untracked 
|  23|0x0000000081700000, 0x0000000081800000, 0x0000000081800000|100%| O|  |TAMS 0x0000000081800000, 0x0000000081700000| Untracked 
|  24|0x0000000081800000, 0x0000000081900000, 0x0000000081900000|100%| O|  |TAMS 0x0000000081900000, 0x0000000081800000| Untracked 
|  25|0x0000000081900000, 0x0000000081a00000, 0x0000000081a00000|100%| O|  |TAMS 0x0000000081a00000, 0x0000000081900000| Untracked 
|  26|0x0000000081a00000, 0x0000000081b00000, 0x0000000081b00000|100%| O|  |TAMS 0x0000000081b00000, 0x0000000081a00000| Untracked 
|  27|0x0000000081b00000, 0x0000000081c00000, 0x0000000081c00000|100%| O|  |TAMS 0x0000000081c00000, 0x0000000081b00000| Untracked 
|  28|0x0000000081c00000, 0x0000000081d00000, 0x0000000081d00000|100%| O|  |TAMS 0x0000000081d00000, 0x0000000081c00000| Untracked 
|  29|0x0000000081d00000, 0x0000000081e00000, 0x0000000081e00000|100%| O|  |TAMS 0x0000000081e00000, 0x0000000081d00000| Untracked 
|  30|0x0000000081e00000, 0x0000000081f00000, 0x0000000081f00000|100%| O|  |TAMS 0x0000000081f00000, 0x0000000081e00000| Untracked 
|  31|0x0000000081f00000, 0x0000000082000000, 0x0000000082000000|100%| O|  |TAMS 0x0000000082000000, 0x0000000081f00000| Untracked 
|  32|0x0000000082000000, 0x0000000082100000, 0x0000000082100000|100%| O|  |TAMS 0x0000000082100000, 0x0000000082000000| Untracked 
|  33|0x0000000082100000, 0x0000000082200000, 0x0000000082200000|100%| O|  |TAMS 0x0000000082200000, 0x0000000082100000| Untracked 
|  34|0x0000000082200000, 0x0000000082300000, 0x0000000082300000|100%| O|  |TAMS 0x0000000082300000, 0x0000000082200000| Untracked 
|  35|0x0000000082300000, 0x0000000082400000, 0x0000000082400000|100%|HS|  |TAMS 0x0000000082400000, 0x0000000082300000| Complete 
|  36|0x0000000082400000, 0x0000000082500000, 0x0000000082500000|100%|HC|  |TAMS 0x0000000082500000, 0x0000000082400000| Complete 
|  37|0x0000000082500000, 0x0000000082600000, 0x0000000082600000|100%|HS|  |TAMS 0x0000000082600000, 0x0000000082500000| Complete 
|  38|0x0000000082600000, 0x0000000082700000, 0x0000000082700000|100%|HC|  |TAMS 0x0000000082700000, 0x0000000082600000| Complete 
|  39|0x0000000082700000, 0x0000000082800000, 0x0000000082800000|100%|HC|  |TAMS 0x0000000082800000, 0x0000000082700000| Complete 
|  40|0x0000000082800000, 0x0000000082900000, 0x0000000082900000|100%|HC|  |TAMS 0x0000000082900000, 0x0000000082800000| Complete 
|  41|0x0000000082900000, 0x0000000082a00000, 0x0000000082a00000|100%| O|  |TAMS 0x0000000082a00000, 0x0000000082900000| Untracked 
|  42|0x0000000082a00000, 0x0000000082b00000, 0x0000000082b00000|100%| O|  |TAMS 0x0000000082b00000, 0x0000000082a00000| Untracked 
|  43|0x0000000082b00000, 0x0000000082c00000, 0x0000000082c00000|100%| O|  |TAMS 0x0000000082c00000, 0x0000000082b00000| Untracked 
|  44|0x0000000082c00000, 0x0000000082d00000, 0x0000000082d00000|100%| O|  |TAMS 0x0000000082d00000, 0x0000000082c00000| Untracked 
|  45|0x0000000082d00000, 0x0000000082e00000, 0x0000000082e00000|100%| O|  |TAMS 0x0000000082e00000, 0x0000000082d00000| Untracked 
|  46|0x0000000082e00000, 0x0000000082f00000, 0x0000000082f00000|100%| O|  |TAMS 0x0000000082f00000, 0x0000000082e00000| Untracked 
|  47|0x0000000082f00000, 0x0000000083000000, 0x0000000083000000|100%| O|  |TAMS 0x0000000083000000, 0x0000000082f00000| Untracked 
|  48|0x0000000083000000, 0x0000000083100000, 0x0000000083100000|100%| O|  |TAMS 0x0000000083100000, 0x0000000083000000| Untracked 
|  49|0x0000000083100000, 0x0000000083200000, 0x0000000083200000|100%| O|  |TAMS 0x0000000083200000, 0x0000000083100000| Untracked 
|  50|0x0000000083200000, 0x0000000083300000, 0x0000000083300000|100%| O|  |TAMS 0x0000000083300000, 0x0000000083200000| Untracked 
|  51|0x0000000083300000, 0x0000000083400000, 0x0000000083400000|100%| O|  |TAMS 0x0000000083400000, 0x0000000083300000| Untracked 
|  52|0x0000000083400000, 0x0000000083500000, 0x0000000083500000|100%| O|  |TAMS 0x0000000083500000, 0x0000000083400000| Untracked 
|  53|0x0000000083500000, 0x0000000083600000, 0x0000000083600000|100%| O|  |TAMS 0x0000000083600000, 0x0000000083500000| Untracked 
|  54|0x0000000083600000, 0x0000000083700000, 0x0000000083700000|100%| O|  |TAMS 0x0000000083700000, 0x0000000083600000| Untracked 
|  55|0x0000000083700000, 0x0000000083800000, 0x0000000083800000|100%| O|  |TAMS 0x0000000083800000, 0x0000000083700000| Untracked 
|  56|0x0000000083800000, 0x0000000083900000, 0x0000000083900000|100%| O|  |TAMS 0x0000000083900000, 0x0000000083800000| Untracked 
|  57|0x0000000083900000, 0x0000000083a00000, 0x0000000083a00000|100%| O|  |TAMS 0x0000000083a00000, 0x0000000083900000| Untracked 
|  58|0x0000000083a00000, 0x0000000083b00000, 0x0000000083b00000|100%|HS|  |TAMS 0x0000000083b00000, 0x0000000083a00000| Complete 
|  59|0x0000000083b00000, 0x0000000083c00000, 0x0000000083c00000|100%|HS|  |TAMS 0x0000000083c00000, 0x0000000083b00000| Complete 
|  60|0x0000000083c00000, 0x0000000083d00000, 0x0000000083d00000|100%| O|  |TAMS 0x0000000083d00000, 0x0000000083c00000| Untracked 
|  61|0x0000000083d00000, 0x0000000083e00000, 0x0000000083e00000|100%| O|  |TAMS 0x0000000083e00000, 0x0000000083d00000| Untracked 
|  62|0x0000000083e00000, 0x0000000083f00000, 0x0000000083f00000|100%| O|  |TAMS 0x0000000083f00000, 0x0000000083e00000| Untracked 
|  63|0x0000000083f00000, 0x0000000084000000, 0x0000000084000000|100%| O|  |TAMS 0x0000000084000000, 0x0000000083f00000| Untracked 
|  64|0x0000000084000000, 0x0000000084100000, 0x0000000084100000|100%| O|  |TAMS 0x0000000084100000, 0x0000000084000000| Untracked 
|  65|0x0000000084100000, 0x0000000084200000, 0x0000000084200000|100%| O|  |TAMS 0x0000000084200000, 0x0000000084100000| Untracked 
|  66|0x0000000084200000, 0x0000000084300000, 0x0000000084300000|100%| O|  |TAMS 0x0000000084300000, 0x0000000084200000| Untracked 
|  67|0x0000000084300000, 0x0000000084400000, 0x0000000084400000|100%| O|  |TAMS 0x0000000084400000, 0x0000000084300000| Untracked 
|  68|0x0000000084400000, 0x0000000084500000, 0x0000000084500000|100%| O|  |TAMS 0x0000000084500000, 0x0000000084400000| Untracked 
|  69|0x0000000084500000, 0x0000000084600000, 0x0000000084600000|100%| O|  |TAMS 0x0000000084600000, 0x0000000084500000| Untracked 
|  70|0x0000000084600000, 0x0000000084700000, 0x0000000084700000|100%| O|  |TAMS 0x0000000084700000, 0x0000000084600000| Untracked 
|  71|0x0000000084700000, 0x0000000084800000, 0x0000000084800000|100%| O|  |TAMS 0x0000000084800000, 0x0000000084700000| Untracked 
|  72|0x0000000084800000, 0x0000000084900000, 0x0000000084900000|100%| O|  |TAMS 0x0000000084900000, 0x0000000084800000| Untracked 
|  73|0x0000000084900000, 0x0000000084a00000, 0x0000000084a00000|100%| O|  |TAMS 0x0000000084a00000, 0x0000000084900000| Untracked 
|  74|0x0000000084a00000, 0x0000000084b00000, 0x0000000084b00000|100%| O|  |TAMS 0x0000000084b00000, 0x0000000084a00000| Untracked 
|  75|0x0000000084b00000, 0x0000000084c00000, 0x0000000084c00000|100%| O|  |TAMS 0x0000000084c00000, 0x0000000084b00000| Untracked 
|  76|0x0000000084c00000, 0x0000000084d00000, 0x0000000084d00000|100%| O|  |TAMS 0x0000000084d00000, 0x0000000084c00000| Untracked 
|  77|0x0000000084d00000, 0x0000000084e00000, 0x0000000084e00000|100%| O|  |TAMS 0x0000000084d25a00, 0x0000000084d00000| Untracked 
|  78|0x0000000084e00000, 0x0000000084f00000, 0x0000000084f00000|100%| O|  |TAMS 0x0000000084f00000, 0x0000000084e00000| Untracked 
|  79|0x0000000084f00000, 0x0000000085000000, 0x0000000085000000|100%| O|  |TAMS 0x0000000084f00000, 0x0000000084f00000| Untracked 
|  80|0x0000000085000000, 0x0000000085016e00, 0x0000000085100000|  8%| O|  |TAMS 0x0000000085000000, 0x0000000085000000| Untracked 
|  81|0x0000000085100000, 0x0000000085100000, 0x0000000085200000|  0%| F|  |TAMS 0x0000000085100000, 0x0000000085100000| Untracked 
|  82|0x0000000085200000, 0x0000000085200000, 0x0000000085300000|  0%| F|  |TAMS 0x0000000085200000, 0x0000000085200000| Untracked 
|  83|0x0000000085300000, 0x0000000085300000, 0x0000000085400000|  0%| F|  |TAMS 0x0000000085300000, 0x0000000085300000| Untracked 
|  84|0x0000000085400000, 0x0000000085400000, 0x0000000085500000|  0%| F|  |TAMS 0x0000000085400000, 0x0000000085400000| Untracked 
|  85|0x0000000085500000, 0x0000000085500000, 0x0000000085600000|  0%| F|  |TAMS 0x0000000085500000, 0x0000000085500000| Untracked 
|  86|0x0000000085600000, 0x0000000085600000, 0x0000000085700000|  0%| F|  |TAMS 0x0000000085600000, 0x0000000085600000| Untracked 
|  87|0x0000000085700000, 0x0000000085700000, 0x0000000085800000|  0%| F|  |TAMS 0x0000000085700000, 0x0000000085700000| Untracked 
|  88|0x0000000085800000, 0x0000000085800000, 0x0000000085900000|  0%| F|  |TAMS 0x0000000085800000, 0x0000000085800000| Untracked 
|  89|0x0000000085900000, 0x0000000085900000, 0x0000000085a00000|  0%| F|  |TAMS 0x0000000085900000, 0x0000000085900000| Untracked 
|  90|0x0000000085a00000, 0x0000000085a00000, 0x0000000085b00000|  0%| F|  |TAMS 0x0000000085a00000, 0x0000000085a00000| Untracked 
|  91|0x0000000085b00000, 0x0000000085b00000, 0x0000000085c00000|  0%| F|  |TAMS 0x0000000085b00000, 0x0000000085b00000| Untracked 
|  92|0x0000000085c00000, 0x0000000085c00000, 0x0000000085d00000|  0%| F|  |TAMS 0x0000000085c00000, 0x0000000085c00000| Untracked 
|  93|0x0000000085d00000, 0x0000000085d00000, 0x0000000085e00000|  0%| F|  |TAMS 0x0000000085d00000, 0x0000000085d00000| Untracked 
|  94|0x0000000085e00000, 0x0000000085e00000, 0x0000000085f00000|  0%| F|  |TAMS 0x0000000085e00000, 0x0000000085e00000| Untracked 
|  95|0x0000000085f00000, 0x0000000085f00000, 0x0000000086000000|  0%| F|  |TAMS 0x0000000085f00000, 0x0000000085f00000| Untracked 
|  96|0x0000000086000000, 0x0000000086000000, 0x0000000086100000|  0%| F|  |TAMS 0x0000000086000000, 0x0000000086000000| Untracked 
|  97|0x0000000086100000, 0x0000000086100000, 0x0000000086200000|  0%| F|  |TAMS 0x0000000086100000, 0x0000000086100000| Untracked 
|  98|0x0000000086200000, 0x0000000086200000, 0x0000000086300000|  0%| F|  |TAMS 0x0000000086200000, 0x0000000086200000| Untracked 
|  99|0x0000000086300000, 0x0000000086300000, 0x0000000086400000|  0%| F|  |TAMS 0x0000000086300000, 0x0000000086300000| Untracked 
| 100|0x0000000086400000, 0x0000000086400000, 0x0000000086500000|  0%| F|  |TAMS 0x0000000086400000, 0x0000000086400000| Untracked 
| 101|0x0000000086500000, 0x0000000086500000, 0x0000000086600000|  0%| F|  |TAMS 0x0000000086500000, 0x0000000086500000| Untracked 
| 102|0x0000000086600000, 0x0000000086600000, 0x0000000086700000|  0%| F|  |TAMS 0x0000000086600000, 0x0000000086600000| Untracked 
| 103|0x0000000086700000, 0x0000000086800000, 0x0000000086800000|100%| S|CS|TAMS 0x0000000086700000, 0x0000000086700000| Complete 
| 104|0x0000000086800000, 0x0000000086900000, 0x0000000086900000|100%| S|CS|TAMS 0x0000000086800000, 0x0000000086800000| Complete 
| 105|0x0000000086900000, 0x0000000086a00000, 0x0000000086a00000|100%| S|CS|TAMS 0x0000000086900000, 0x0000000086900000| Complete 
| 106|0x0000000086a00000, 0x0000000086b00000, 0x0000000086b00000|100%| S|CS|TAMS 0x0000000086a00000, 0x0000000086a00000| Complete 
| 107|0x0000000086b00000, 0x0000000086b00000, 0x0000000086c00000|  0%| F|  |TAMS 0x0000000086b00000, 0x0000000086b00000| Untracked 
| 108|0x0000000086c00000, 0x0000000086c00000, 0x0000000086d00000|  0%| F|  |TAMS 0x0000000086c00000, 0x0000000086c00000| Untracked 
| 109|0x0000000086d00000, 0x0000000086d00000, 0x0000000086e00000|  0%| F|  |TAMS 0x0000000086d00000, 0x0000000086d00000| Untracked 
| 110|0x0000000086e00000, 0x0000000086e00000, 0x0000000086f00000|  0%| F|  |TAMS 0x0000000086e00000, 0x0000000086e00000| Untracked 
| 111|0x0000000086f00000, 0x0000000086f00000, 0x0000000087000000|  0%| F|  |TAMS 0x0000000086f00000, 0x0000000086f00000| Untracked 
| 112|0x0000000087000000, 0x0000000087000000, 0x0000000087100000|  0%| F|  |TAMS 0x0000000087000000, 0x0000000087000000| Untracked 
| 113|0x0000000087100000, 0x0000000087100000, 0x0000000087200000|  0%| F|  |TAMS 0x0000000087100000, 0x0000000087100000| Untracked 
| 114|0x0000000087200000, 0x0000000087200000, 0x0000000087300000|  0%| F|  |TAMS 0x0000000087200000, 0x0000000087200000| Untracked 
| 115|0x0000000087300000, 0x0000000087300000, 0x0000000087400000|  0%| F|  |TAMS 0x0000000087300000, 0x0000000087300000| Untracked 
| 116|0x0000000087400000, 0x0000000087400000, 0x0000000087500000|  0%| F|  |TAMS 0x0000000087400000, 0x0000000087400000| Untracked 
| 117|0x0000000087500000, 0x0000000087500000, 0x0000000087600000|  0%| F|  |TAMS 0x0000000087500000, 0x0000000087500000| Untracked 
| 118|0x0000000087600000, 0x0000000087600000, 0x0000000087700000|  0%| F|  |TAMS 0x0000000087600000, 0x0000000087600000| Untracked 
| 119|0x0000000087700000, 0x0000000087700000, 0x0000000087800000|  0%| F|  |TAMS 0x0000000087700000, 0x0000000087700000| Untracked 
| 120|0x0000000087800000, 0x0000000087800000, 0x0000000087900000|  0%| F|  |TAMS 0x0000000087800000, 0x0000000087800000| Untracked 
| 121|0x0000000087900000, 0x0000000087900000, 0x0000000087a00000|  0%| F|  |TAMS 0x0000000087900000, 0x0000000087900000| Untracked 
| 122|0x0000000087a00000, 0x0000000087a00000, 0x0000000087b00000|  0%| F|  |TAMS 0x0000000087a00000, 0x0000000087a00000| Untracked 
| 123|0x0000000087b00000, 0x0000000087b00000, 0x0000000087c00000|  0%| F|  |TAMS 0x0000000087b00000, 0x0000000087b00000| Untracked 
| 124|0x0000000087c00000, 0x0000000087c00000, 0x0000000087d00000|  0%| F|  |TAMS 0x0000000087c00000, 0x0000000087c00000| Untracked 
| 125|0x0000000087d00000, 0x0000000087d00000, 0x0000000087e00000|  0%| F|  |TAMS 0x0000000087d00000, 0x0000000087d00000| Untracked 
| 126|0x0000000087e00000, 0x0000000087e00000, 0x0000000087f00000|  0%| F|  |TAMS 0x0000000087e00000, 0x0000000087e00000| Untracked 
| 127|0x0000000087f00000, 0x0000000087f00000, 0x0000000088000000|  0%| F|  |TAMS 0x0000000087f00000, 0x0000000087f00000| Untracked 
| 128|0x0000000088000000, 0x0000000088000000, 0x0000000088100000|  0%| F|  |TAMS 0x0000000088000000, 0x0000000088000000| Untracked 
| 129|0x0000000088100000, 0x0000000088100000, 0x0000000088200000|  0%| F|  |TAMS 0x0000000088100000, 0x0000000088100000| Untracked 
| 130|0x0000000088200000, 0x0000000088200000, 0x0000000088300000|  0%| F|  |TAMS 0x0000000088200000, 0x0000000088200000| Untracked 
| 131|0x0000000088300000, 0x0000000088300000, 0x0000000088400000|  0%| F|  |TAMS 0x0000000088300000, 0x0000000088300000| Untracked 
| 132|0x0000000088400000, 0x0000000088400000, 0x0000000088500000|  0%| F|  |TAMS 0x0000000088400000, 0x0000000088400000| Untracked 
| 133|0x0000000088500000, 0x0000000088500000, 0x0000000088600000|  0%| F|  |TAMS 0x0000000088500000, 0x0000000088500000| Untracked 
| 134|0x0000000088600000, 0x00000000886864e0, 0x0000000088700000| 52%| E|  |TAMS 0x0000000088600000, 0x0000000088600000| Complete 

Card table byte_map: [0x000001795a9f0000,0x000001795adf0000] _byte_map_base: 0x000001795a5f0000

Marking Bits (Prev, Next): (CMBitMap*) 0x0000017943f44630, (CMBitMap*) 0x0000017943f445f8
 Prev Bits: [0x000001795d1f0000, 0x000001795f1f0000)
 Next Bits: [0x000001795b1f0000, 0x000001795d1f0000)

Polling page: 0x0000017941d80000

Metaspace:

Usage:
  Non-class:     79.36 MB capacity,    77.88 MB ( 98%) used,     1.21 MB (  2%) free+waste,   280.44 KB ( <1%) overhead. 
      Class:     13.05 MB capacity,    11.96 MB ( 92%) used,   982.19 KB (  7%) free+waste,   135.62 KB (  1%) overhead. 
       Both:     92.41 MB capacity,    89.83 MB ( 97%) used,     2.17 MB (  2%) free+waste,   416.06 KB ( <1%) overhead. 

Virtual space:
  Non-class space:       80.00 MB reserved,      79.42 MB (>99%) committed 
      Class space:      504.00 MB reserved,      13.12 MB (  3%) committed 
             Both:      584.00 MB reserved,      92.55 MB ( 16%) committed 

Chunk freelists:
   Non-Class:  7.38 KB
       Class:  2.00 KB
        Both:  9.38 KB

CodeHeap 'non-profiled nmethods': size=120064Kb used=6211Kb max_used=6211Kb free=113852Kb
 bounds [0x00000179530b0000, 0x00000179536d0000, 0x000001795a5f0000]
CodeHeap 'profiled nmethods': size=120000Kb used=21974Kb max_used=21974Kb free=98025Kb
 bounds [0x000001794bb80000, 0x000001794d100000, 0x00000179530b0000]
CodeHeap 'non-nmethods': size=5696Kb used=2312Kb max_used=2353Kb free=3383Kb
 bounds [0x000001794b5f0000, 0x000001794b860000, 0x000001794bb80000]
 total_blobs=10949 nmethods=10023 adapters=836
 compilation: enabled
              stopped_count=0, restarted_count=0
 full_count=0

Compilation events (10 events):
Event: 156.787 Thread 0x0000017961eec800 10110       3       org.codehaus.groovy.runtime.MetaClassHelper::convertToTypeArray (42 bytes)
Event: 156.788 Thread 0x0000017961eec800 nmethod 10110 0x000001794d0f1e90 code [0x000001794d0f2080, 0x000001794d0f2868]
Event: 157.322 Thread 0x0000017961eec800 10111       3       org.codehaus.groovy.runtime.MetaClassHelper::getPrimitiveIndex (31 bytes)
Event: 157.323 Thread 0x0000017961eec800 nmethod 10111 0x000001794d0f2a90 code [0x000001794d0f2c40, 0x000001794d0f2e58]
Event: 157.397 Thread 0x0000017961eec800 10112       3       java.lang.invoke.LambdaForm$MH/0x00000001004e1840::invoke (218 bytes)
Event: 157.398 Thread 0x0000017961eec800 nmethod 10112 0x000001794d0f2f90 code [0x000001794d0f3260, 0x000001794d0f47a8]
Event: 158.013 Thread 0x0000017961ee7800 10113       4       org.codehaus.groovy.reflection.CachedClass::hashCode (33 bytes)
Event: 158.079 Thread 0x0000017961ee7800 nmethod 10113 0x00000179536c0690 code [0x00000179536c0820, 0x00000179536c08e8]
Event: 158.228 Thread 0x0000017961ee7800 10114       4       org.codehaus.groovy.util.SingleKeyHashMap::get (67 bytes)
Event: 158.229 Thread 0x0000017961eec800 10115       3       groovy.lang.MetaClassImpl::addElementToList (58 bytes)

GC Heap History (10 events):
Event: 90.691 GC heap before
{Heap before GC invocations=95 (full 0):
 garbage-first heap   total 114688K, used 91102K [0x0000000080000000, 0x0000000100000000)
  region size 1024K, 16 young (16384K), 2 survivors (2048K)
 Metaspace       used 84484K, capacity 86910K, committed 87088K, reserved 591872K
  class space    used 11049K, capacity 12082K, committed 12160K, reserved 516096K
}
Event: 90.701 GC heap after
{Heap after GC invocations=96 (full 0):
 garbage-first heap   total 138240K, used 78052K [0x0000000080000000, 0x0000000100000000)
  region size 1024K, 2 young (2048K), 2 survivors (2048K)
 Metaspace       used 84484K, capacity 86910K, committed 87088K, reserved 591872K
  class space    used 11049K, capacity 12082K, committed 12160K, reserved 516096K
}
Event: 146.652 GC heap before
{Heap before GC invocations=96 (full 0):
 garbage-first heap   total 138240K, used 102628K [0x0000000080000000, 0x0000000100000000)
  region size 1024K, 26 young (26624K), 2 survivors (2048K)
 Metaspace       used 85012K, capacity 87469K, committed 87600K, reserved 591872K
  class space    used 11110K, capacity 12158K, committed 12160K, reserved 516096K
}
Event: 146.667 GC heap after
{Heap after GC invocations=97 (full 0):
 garbage-first heap   total 138240K, used 80016K [0x0000000080000000, 0x0000000100000000)
  region size 1024K, 4 young (4096K), 4 survivors (4096K)
 Metaspace       used 85012K, capacity 87469K, committed 87600K, reserved 591872K
  class space    used 11110K, capacity 12158K, committed 12160K, reserved 516096K
}
Event: 148.576 GC heap before
{Heap before GC invocations=97 (full 0):
 garbage-first heap   total 138240K, used 104592K [0x0000000080000000, 0x0000000100000000)
  region size 1024K, 28 young (28672K), 4 survivors (4096K)
 Metaspace       used 87899K, capacity 90357K, committed 90672K, reserved 595968K
  class space    used 11550K, capacity 12607K, committed 12672K, reserved 516096K
}
Event: 148.609 GC heap after
{Heap after GC invocations=98 (full 0):
 garbage-first heap   total 138240K, used 81566K [0x0000000080000000, 0x0000000100000000)
  region size 1024K, 4 young (4096K), 4 survivors (4096K)
 Metaspace       used 87899K, capacity 90357K, committed 90672K, reserved 595968K
  class space    used 11550K, capacity 12607K, committed 12672K, reserved 516096K
}
Event: 150.882 GC heap before
{Heap before GC invocations=98 (full 0):
 garbage-first heap   total 138240K, used 105118K [0x0000000080000000, 0x0000000100000000)
  region size 1024K, 28 young (28672K), 4 survivors (4096K)
 Metaspace       used 90896K, capacity 93363K, committed 93488K, reserved 598016K
  class space    used 12083K, capacity 13150K, committed 13184K, reserved 516096K
}
Event: 150.923 GC heap after
{Heap after GC invocations=99 (full 0):
 garbage-first heap   total 138240K, used 82857K [0x0000000080000000, 0x0000000100000000)
  region size 1024K, 3 young (3072K), 3 survivors (3072K)
 Metaspace       used 90896K, capacity 93363K, committed 93488K, reserved 598016K
  class space    used 12083K, capacity 13150K, committed 13184K, reserved 516096K
}
Event: 157.938 GC heap before
{Heap before GC invocations=100 (full 0):
 garbage-first heap   total 138240K, used 107433K [0x0000000080000000, 0x0000000100000000)
  region size 1024K, 28 young (28672K), 3 survivors (3072K)
 Metaspace       used 91981K, capacity 94629K, committed 94768K, reserved 598016K
  class space    used 12241K, capacity 13360K, committed 13440K, reserved 516096K
}
Event: 158.001 GC heap after
{Heap after GC invocations=101 (full 0):
 garbage-first heap   total 138240K, used 86107K [0x0000000080000000, 0x0000000100000000)
  region size 1024K, 4 young (4096K), 4 survivors (4096K)
 Metaspace       used 91981K, capacity 94629K, committed 94768K, reserved 598016K
  class space    used 12241K, capacity 13360K, committed 13440K, reserved 516096K
}

Deoptimization events (10 events):
Event: 87.101 Thread 0x0000017962154000 Uncommon trap: reason=unstable_if action=reinterpret pc=0x00000179530bc534 method=java.lang.StringLatin1.canEncode(I)Z @ 4 c2
Event: 89.141 Thread 0x0000017962154000 Uncommon trap: reason=unstable_if action=reinterpret pc=0x000001795330d580 method=java.util.StringJoiner.add(Ljava/lang/CharSequence;)Ljava/util/StringJoiner; @ 33 c2
Event: 90.218 Thread 0x0000017962154000 Uncommon trap: reason=null_check action=make_not_entrant pc=0x0000017953305fec method=com.sun.beans.introspect.MethodInfo$MethodOrder.compare(Ljava/lang/reflect/Method;Ljava/lang/reflect/Method;)I @ 133 c2
Event: 90.753 Thread 0x0000017962154000 Uncommon trap: reason=null_check action=make_not_entrant pc=0x000001795360ec2c method=java.lang.PublicMethods$MethodList.getMostSpecific()Ljava/lang/reflect/Method; @ 41 c2
Event: 90.859 Thread 0x0000017962154000 Uncommon trap: reason=unstable_if action=reinterpret pc=0x0000017953261d50 method=org.codehaus.groovy.runtime.metaclass.MetaMethodIndex.isOverridden(Lgroovy/lang/MetaMethod;Lgroovy/lang/MetaMethod;)Z @ 33 c2
Event: 90.934 Thread 0x0000017962154000 Uncommon trap: reason=null_check action=make_not_entrant pc=0x000001795360a978 method=com.sun.beans.introspect.MethodInfo$MethodOrder.compare(Ljava/lang/reflect/Method;Ljava/lang/reflect/Method;)I @ 145 c2
Event: 146.890 Thread 0x0000017962154000 Uncommon trap: reason=unstable_if action=reinterpret pc=0x000001795346dabc method=java.util.TreeMap.put(Ljava/lang/Object;Ljava/lang/Object;)Ljava/lang/Object; @ 163 c2
Event: 148.922 Thread 0x0000017962154000 Uncommon trap: reason=unstable_if action=reinterpret pc=0x00000179533a67a8 method=java.io.WinNTFileSystem.prefixLength(Ljava/lang/String;)I @ 11 c2
Event: 150.453 Thread 0x0000017962154000 Uncommon trap: reason=class_check action=maybe_recompile pc=0x0000017953354f20 method=org.gradle.internal.instantiation.generator.AbstractClassGenerator$InjectionAnnotationValidator.validateMethod(Ljava/lang/reflect/Method;Lorg/gradle/internal/reflect/Pro
Event: 150.464 Thread 0x0000017962154000 Uncommon trap: reason=class_check action=maybe_recompile pc=0x0000017953354f20 method=org.gradle.internal.instantiation.generator.AbstractClassGenerator$InjectionAnnotationValidator.validateMethod(Ljava/lang/reflect/Method;Lorg/gradle/internal/reflect/Pro

Classes redefined (0 events):
No events

Internal exceptions (10 events):
Event: 157.436 Thread 0x0000017962154000 Exception <a 'java/lang/ClassNotFoundException'{0x00000000871d6e30}: org/gradle/api/internal/artifacts/repositories/DefaultMavenArtifactRepository_DecoratedBeanInfo> (0x00000000871d6e30) thrown at [./open/src/hotspot/share/classfile/systemDictionary.cpp, 
Event: 157.474 Thread 0x0000017962154000 Exception <a 'java/lang/ClassNotFoundException'{0x0000000087026068}: org/gradle/api/internal/artifacts/repositories/DefaultMavenArtifactRepositoryBeanInfo> (0x0000000087026068) thrown at [./open/src/hotspot/share/classfile/systemDictionary.cpp, line 226]
Event: 157.614 Thread 0x0000017962154000 Exception <a 'java/lang/ClassNotFoundException'{0x0000000087079008}: org/gradle/api/internal/artifacts/repositories/AbstractAuthenticationSupportedRepositoryBeanInfo> (0x0000000087079008) thrown at [./open/src/hotspot/share/classfile/systemDictionary.cpp,
Event: 157.639 Thread 0x0000017962154000 Exception <a 'java/lang/ClassNotFoundException'{0x00000000870cfc48}: org/gradle/api/internal/artifacts/repositories/AbstractResolutionAwareArtifactRepositoryBeanInfo> (0x00000000870cfc48) thrown at [./open/src/hotspot/share/classfile/systemDictionary.cpp,
Event: 157.751 Thread 0x0000017962154000 Exception <a 'java/lang/ClassNotFoundException'{0x0000000086f1ce88}: org/gradle/api/internal/artifacts/repositories/AbstractArtifactRepositoryBeanInfo> (0x0000000086f1ce88) thrown at [./open/src/hotspot/share/classfile/systemDictionary.cpp, line 226]
Event: 157.843 Thread 0x0000017962154000 Exception <a 'java/lang/ClassNotFoundException'{0x0000000086f6c398}: org/gradle/api/internal/artifacts/repositories/AbstractArtifactRepositoryCustomizer> (0x0000000086f6c398) thrown at [./open/src/hotspot/share/classfile/systemDictionary.cpp, line 226]
Event: 157.890 Thread 0x0000017962154000 Exception <a 'java/lang/ClassNotFoundException'{0x0000000086fdc720}: org/gradle/api/internal/artifacts/repositories/AbstractResolutionAwareArtifactRepositoryCustomizer> (0x0000000086fdc720) thrown at [./open/src/hotspot/share/classfile/systemDictionary.cp
Event: 157.916 Thread 0x0000017962154000 Exception <a 'java/lang/ClassNotFoundException'{0x0000000086b399e0}: org/gradle/api/internal/artifacts/repositories/AbstractAuthenticationSupportedRepositoryCustomizer> (0x0000000086b399e0) thrown at [./open/src/hotspot/share/classfile/systemDictionary.cp
Event: 157.928 Thread 0x0000017962154000 Exception <a 'java/lang/ClassNotFoundException'{0x0000000086b99ea0}: org/gradle/api/internal/artifacts/repositories/DefaultMavenArtifactRepositoryCustomizer> (0x0000000086b99ea0) thrown at [./open/src/hotspot/share/classfile/systemDictionary.cpp, line 226
Event: 158.004 Thread 0x0000017962154000 Exception <a 'java/lang/ClassNotFoundException'{0x0000000088604838}: org/gradle/api/internal/artifacts/repositories/DefaultMavenArtifactRepository_DecoratedCustomizer> (0x0000000088604838) thrown at [./open/src/hotspot/share/classfile/systemDictionary.cpp

Events (10 events):
Event: 157.931 loading class org/gradle/api/internal/artifacts/repositories/DefaultMavenArtifactRepository_DecoratedCustomizer
Event: 157.931 loading class org/gradle/api/internal/artifacts/repositories/DefaultMavenArtifactRepository_DecoratedCustomizer done
Event: 157.936 loading class org/gradle/api/internal/artifacts/repositories/DefaultMavenArtifactRepository_DecoratedCustomizer
Event: 157.936 loading class org/gradle/api/internal/artifacts/repositories/DefaultMavenArtifactRepository_DecoratedCustomizer done
Event: 157.936 loading class org/gradle/api/internal/artifacts/repositories/DefaultMavenArtifactRepository_DecoratedCustomizer
Event: 157.936 loading class org/gradle/api/internal/artifacts/repositories/DefaultMavenArtifactRepository_DecoratedCustomizer done
Event: 157.938 Executing VM operation: G1CollectForAllocation
Event: 158.001 Executing VM operation: G1CollectForAllocation done
Event: 158.004 loading class org/gradle/api/internal/artifacts/repositories/DefaultMavenArtifactRepository_DecoratedCustomizer
Event: 158.004 loading class org/gradle/api/internal/artifacts/repositories/DefaultMavenArtifactRepository_DecoratedCustomizer done


Dynamic libraries:
0x00007ff712930000 - 0x00007ff712940000 	C:\Program Files\Java\jdk-11\bin\java.exe
0x00007ffb3cf50000 - 0x00007ffb3d148000 	C:\WINDOWS\SYSTEM32\ntdll.dll
0x00007ffb3c370000 - 0x00007ffb3c42d000 	C:\WINDOWS\System32\KERNEL32.DLL
0x00007ffb3ad20000 - 0x00007ffb3b016000 	C:\WINDOWS\System32\KERNELBASE.dll
0x00007ffb3a8a0000 - 0x00007ffb3a9a0000 	C:\WINDOWS\System32\ucrtbase.dll
0x00007ffb35ab0000 - 0x00007ffb35acb000 	C:\Program Files\Java\jdk-11\bin\VCRUNTIME140.dll
0x00007ffb35ad0000 - 0x00007ffb35ae9000 	C:\Program Files\Java\jdk-11\bin\jli.dll
0x00007ffb3b1d0000 - 0x00007ffb3b283000 	C:\WINDOWS\System32\ADVAPI32.dll
0x00007ffb3bf80000 - 0x00007ffb3c01e000 	C:\WINDOWS\System32\msvcrt.dll
0x00007ffb3bee0000 - 0x00007ffb3bf7f000 	C:\WINDOWS\System32\sechost.dll
0x00007ffb3b9e0000 - 0x00007ffb3bb06000 	C:\WINDOWS\System32\RPCRT4.dll
0x00007ffb3a9a0000 - 0x00007ffb3a9c7000 	C:\WINDOWS\System32\bcrypt.dll
0x00007ffb2a7e0000 - 0x00007ffb2aa7a000 	C:\WINDOWS\WinSxS\amd64_microsoft.windows.common-controls_6595b64144ccf1df_6.0.19041.3636_none_60b6a03d71f818d5\COMCTL32.dll
0x00007ffb3b020000 - 0x00007ffb3b1be000 	C:\WINDOWS\System32\USER32.dll
0x00007ffb3a6a0000 - 0x00007ffb3a6c2000 	C:\WINDOWS\System32\win32u.dll
0x00007ffb3c340000 - 0x00007ffb3c36b000 	C:\WINDOWS\System32\GDI32.dll
0x00007ffb3abb0000 - 0x00007ffb3acc7000 	C:\WINDOWS\System32\gdi32full.dll
0x00007ffb3aa60000 - 0x00007ffb3aafd000 	C:\WINDOWS\System32\msvcp_win.dll
0x00007ffb2c870000 - 0x00007ffb2c87a000 	C:\WINDOWS\SYSTEM32\VERSION.dll
0x00007ffb3c300000 - 0x00007ffb3c332000 	C:\WINDOWS\System32\IMM32.DLL
0x00007ffb36540000 - 0x00007ffb3654c000 	C:\Program Files\Java\jdk-11\bin\vcruntime140_1.dll
0x00007ffb2e120000 - 0x00007ffb2e1ae000 	C:\Program Files\Java\jdk-11\bin\msvcp140.dll
0x00007ffb0f7b0000 - 0x00007ffb1031d000 	C:\Program Files\Java\jdk-11\bin\server\jvm.dll
0x00007ffb3c660000 - 0x00007ffb3c668000 	C:\WINDOWS\System32\PSAPI.DLL
0x00007ffb364e0000 - 0x00007ffb364e9000 	C:\WINDOWS\SYSTEM32\WSOCK32.dll
0x00007ffb2a690000 - 0x00007ffb2a6b7000 	C:\WINDOWS\SYSTEM32\WINMM.dll
0x00007ffb3c570000 - 0x00007ffb3c5db000 	C:\WINDOWS\System32\WS2_32.dll
0x00007ffb38550000 - 0x00007ffb38562000 	C:\WINDOWS\SYSTEM32\kernel.appcore.dll
0x00007ffb35aa0000 - 0x00007ffb35ab0000 	C:\Program Files\Java\jdk-11\bin\verify.dll
0x00007ffb22ba0000 - 0x00007ffb22d84000 	C:\WINDOWS\SYSTEM32\DBGHELP.DLL
0x00007ffb22b60000 - 0x00007ffb22b94000 	C:\WINDOWS\SYSTEM32\dbgcore.DLL
0x00007ffb3a9d0000 - 0x00007ffb3aa52000 	C:\WINDOWS\System32\bcryptPrimitives.dll
0x00007ffb35190000 - 0x00007ffb351b8000 	C:\Program Files\Java\jdk-11\bin\java.dll
0x00007ffb350b0000 - 0x00007ffb350ba000 	C:\Program Files\Java\jdk-11\bin\jimage.dll
0x00007ffb34770000 - 0x00007ffb34787000 	C:\Program Files\Java\jdk-11\bin\zip.dll
0x00007ffb3b290000 - 0x00007ffb3b9d5000 	C:\WINDOWS\System32\SHELL32.dll
0x00007ffb38750000 - 0x00007ffb38eec000 	C:\WINDOWS\SYSTEM32\windows.storage.dll
0x00007ffb3c670000 - 0x00007ffb3c9c4000 	C:\WINDOWS\System32\combase.dll
0x00007ffb3a0d0000 - 0x00007ffb3a0fe000 	C:\WINDOWS\SYSTEM32\Wldp.dll
0x00007ffb3ce40000 - 0x00007ffb3cf0d000 	C:\WINDOWS\System32\OLEAUT32.dll
0x00007ffb3c020000 - 0x00007ffb3c0cd000 	C:\WINDOWS\System32\SHCORE.dll
0x00007ffb3c4b0000 - 0x00007ffb3c505000 	C:\WINDOWS\System32\shlwapi.dll
0x00007ffb3a5d0000 - 0x00007ffb3a5f5000 	C:\WINDOWS\SYSTEM32\profapi.dll
0x00007ffb34750000 - 0x00007ffb34769000 	C:\Program Files\Java\jdk-11\bin\net.dll
0x00007ffb31010000 - 0x00007ffb3111a000 	C:\WINDOWS\SYSTEM32\WINHTTP.dll
0x00007ffb39e30000 - 0x00007ffb39e9a000 	C:\WINDOWS\system32\mswsock.dll
0x00007ffb32cb0000 - 0x00007ffb32cc2000 	C:\Program Files\Java\jdk-11\bin\nio.dll
0x00007ffb35400000 - 0x00007ffb35427000 	C:\Users\hero\.gradle\native\68d5fa5c4cc2d200863cafc0d521ce42e7d3e7ee720ec0a83991735586a16f82\windows-amd64\native-platform.dll
0x00007ffb12150000 - 0x00007ffb12294000 	C:\Users\hero\.gradle\native\e376f236ea51e6404a007f0833ffe2c6e607c4080706a723a18a27aeea778392\windows-amd64\native-platform-file-events.dll
0x00007ffb350a0000 - 0x00007ffb350a9000 	C:\Program Files\Java\jdk-11\bin\management.dll
0x00007ffb34d00000 - 0x00007ffb34d0b000 	C:\Program Files\Java\jdk-11\bin\management_ext.dll
0x00007ffb3a020000 - 0x00007ffb3a038000 	C:\WINDOWS\SYSTEM32\CRYPTSP.dll
0x00007ffb396f0000 - 0x00007ffb39724000 	C:\WINDOWS\system32\rsaenh.dll
0x00007ffb3a590000 - 0x00007ffb3a5be000 	C:\WINDOWS\SYSTEM32\USERENV.dll
0x00007ffb3a040000 - 0x00007ffb3a04c000 	C:\WINDOWS\SYSTEM32\CRYPTBASE.dll
0x00007ffb39ad0000 - 0x00007ffb39b0b000 	C:\WINDOWS\SYSTEM32\IPHLPAPI.DLL
0x00007ffb3b1c0000 - 0x00007ffb3b1c8000 	C:\WINDOWS\System32\NSI.dll
0x00007ffb31370000 - 0x00007ffb31387000 	C:\WINDOWS\SYSTEM32\dhcpcsvc6.DLL
0x00007ffb326e0000 - 0x00007ffb326fd000 	C:\WINDOWS\SYSTEM32\dhcpcsvc.DLL
0x00007ffb39b20000 - 0x00007ffb39beb000 	C:\WINDOWS\SYSTEM32\DNSAPI.dll

dbghelp: loaded successfully - version: 4.0.5 - missing functions: none
symbol engine: initialized successfully - sym options: 0x614 - pdb path: .;C:\Program Files\Java\jdk-11\bin;C:\WINDOWS\SYSTEM32;C:\WINDOWS\WinSxS\amd64_microsoft.windows.common-controls_6595b64144ccf1df_6.0.19041.3636_none_60b6a03d71f818d5;C:\Program Files\Java\jdk-11\bin\server;C:\Users\hero\.gradle\native\68d5fa5c4cc2d200863cafc0d521ce42e7d3e7ee720ec0a83991735586a16f82\windows-amd64;C:\Users\hero\.gradle\native\e376f236ea51e6404a007f0833ffe2c6e607c4080706a723a18a27aeea778392\windows-amd64

VM Arguments:
jvm_args: -XX:MaxMetaspaceSize=512m --add-opens=java.base/java.util=ALL-UNNAMED --add-opens=java.base/java.lang=ALL-UNNAMED --add-opens=java.base/java.lang.invoke=ALL-UNNAMED --add-opens=java.prefs/java.util.prefs=ALL-UNNAMED --add-opens=java.base/java.nio.charset=ALL-UNNAMED --add-opens=java.base/java.net=ALL-UNNAMED --add-opens=java.base/java.util.concurrent.atomic=ALL-UNNAMED -Xmx2048m -Dfile.encoding=windows-1252 -Duser.country=US -Duser.language=en -Duser.variant 
java_command: org.gradle.launcher.daemon.bootstrap.GradleDaemon 8.0.1
java_class_path (initial): C:\Users\hero\.gradle\wrapper\dists\gradle-8.0.1-all\aro4hu1c3oeioove7l0i4i14o\gradle-8.0.1\lib\gradle-launcher-8.0.1.jar
Launcher Type: SUN_STANDARD

[Global flags]
     intx CICompilerCount                          = 3                                         {product} {ergonomic}
   size_t CompressedClassSpaceSize                 = 528482304                                 {product} {ergonomic}
     uint ConcGCThreads                            = 1                                         {product} {ergonomic}
     uint G1ConcRefinementThreads                  = 4                                         {product} {ergonomic}
   size_t G1HeapRegionSize                         = 1048576                                   {product} {ergonomic}
    uintx GCDrainStackTargetSize                   = 64                                        {product} {ergonomic}
   size_t InitialHeapSize                          = 67108864                                  {product} {ergonomic}
   size_t MarkStackSize                            = 4194304                                   {product} {ergonomic}
   size_t MaxHeapSize                              = 2147483648                                {product} {command line}
   size_t MaxMetaspaceSize                         = 536870912                                 {product} {command line}
   size_t MaxNewSize                               = 1287651328                                {product} {ergonomic}
   size_t MinHeapDeltaBytes                        = 1048576                                   {product} {ergonomic}
    uintx NonNMethodCodeHeapSize                   = 5830732                                {pd product} {ergonomic}
    uintx NonProfiledCodeHeapSize                  = 122913754                              {pd product} {ergonomic}
    uintx ProfiledCodeHeapSize                     = 122913754                              {pd product} {ergonomic}
    uintx ReservedCodeCacheSize                    = 251658240                              {pd product} {ergonomic}
     bool SegmentedCodeCache                       = true                                      {product} {ergonomic}
     bool UseCompressedClassPointers               = true                                 {lp64_product} {ergonomic}
     bool UseCompressedOops                        = true                                 {lp64_product} {ergonomic}
     bool UseG1GC                                  = true                                      {product} {ergonomic}
     bool UseLargePagesIndividualAllocation        = false                                  {pd product} {ergonomic}

Logging:
Log output configuration:
 #0: stdout all=warning uptime,level,tags
 #1: stderr all=off uptime,level,tags

Environment Variables:
JAVA_HOME=C:\Program Files\Java\jdk-11
CLASSPATH=E:\typscriptproject\android\\gradle\wrapper\gradle-wrapper.jar
PATH=E:\typscriptproject\node_modules\.bin;E:\typscriptproject\node_modules\.bin;E:\node_modules\.bin;C:\Program Files\nodejs\node_modules\npm\node_modules\@npmcli\run-script\lib\node-gyp-bin;E:\typscriptproject\node_modules\.bin;E:\typscriptproject\node_modules\.bin;E:\node_modules\.bin;C:\Program Files\nodejs\node_modules\npm\node_modules\@npmcli\run-script\lib\node-gyp-bin;C:\Program Files\Common Files\Oracle\Java\javapath;C:\WINDOWS\system32;C:\WINDOWS;C:\WINDOWS\System32\Wbem;C:\WINDOWS\System32\WindowsPowerShell\v1.0\;C:\Program Files\Git\cmd;C:\Program Files\nodejs\;C:\WINDOWS\System32\OpenSSH\;C:\Program Files\Java\jdk-11\bin;C:\Users\hero\AppData\Local\Android\Sdk;C:\Users\hero\AppData\Local\Android\Sdk\platform-tools;C:\Users\hero\AppData\Local\Programs\Microsoft VS Code\bin;C:\Users\hero\AppData\Roaming\npm;C:\Users\hero\AppData\Local\Microsoft\WindowsApps;E:\flutter\bin;C:\Users\hero\AppData\Local\Android\Sdk\platform-tools;
USERNAME=hero
OS=Windows_NT
PROCESSOR_IDENTIFIER=Intel64 Family 6 Model 69 Stepping 1, GenuineIntel



---------------  S Y S T E M  ---------------

OS: Windows 10 , 64 bit Build 19041 (10.0.19041.3636)

CPU:total 4 (initial active 4) (2 cores per cpu, 2 threads per core) family 6 model 69 stepping 1 microcode 0x25, cmov, cx8, fxsr, mmx, sse, sse2, sse3, ssse3, sse4.1, sse4.2, popcnt, avx, avx2, aes, clmul, erms, lzcnt, ht, tsc, tscinvbit, bmi1, bmi2, fma

Memory: 4k page, system-wide physical 4017M (164M free)
TotalPageFile size 11388M (AvailPageFile size 15M)
current process WorkingSet (physical memory assigned to process): 200M, peak: 273M
current process commit charge ("private bytes"): 386M, peak: 405M

vm_info: Java HotSpot(TM) 64-Bit Server VM (11.0.21+9-LTS-193) for windows-amd64 JRE (11.0.21+9-LTS-193), built on Sep 13 2023 11:04:38 by "mach5one" with MS VC++ 17.1 (VS2022)

END.
